<?xml version="1.0" encoding="UTF-8"?>
<testng-results ignored="0" total="1" passed="1" failed="0" skipped="0">
  <reporter-output>
  </reporter-output>
  <suite started-at="2019-10-23T19:41:22 IST" name="Default suite" finished-at="2019-10-23T19:43:41 IST" duration-ms="138746">
    <groups>
    </groups>
    <test started-at="2019-10-23T19:41:22 IST" name="Default test" finished-at="2019-10-23T19:43:41 IST" duration-ms="138746">
      <class name="Agile_courtTestcases.AgileTC_01">
        <test-method is-config="true" signature="setup()[pri:0, instance:Agile_courtTestcases.AgileTC_01@623a8092]" started-at="2019-10-23T19:41:22 IST" name="setup" finished-at="2019-10-23T19:41:25 IST" duration-ms="2787" status="PASS">
          <reporter-output>
          </reporter-output>
        </test-method> <!-- setup -->
        <test-method signature="loginTest()[pri:0, instance:Agile_courtTestcases.AgileTC_01@623a8092]" started-at="2019-10-23T19:41:25 IST" name="loginTest" finished-at="2019-10-23T19:43:41 IST" duration-ms="135913" status="PASS">
          <reporter-output>
          </reporter-output>
        </test-method> <!-- loginTest -->
      </class> <!-- Agile_courtTestcases.AgileTC_01 -->
    </test> <!-- Default test -->
  </suite> <!-- Default suite -->
</testng-results>
